c:\users\student\desktop\save\roguelikeworld\roguelikeworld\roguelikeworld\x64\debug\vc143.pdb
c:\users\student\desktop\save\roguelikeworld\roguelikeworld\roguelikeworld\x64\debug\vc143.idb
c:\users\student\desktop\save\roguelikeworld\roguelikeworld\roguelikeworld\x64\debug\player.obj
c:\users\student\desktop\save\roguelikeworld\roguelikeworld\roguelikeworld\x64\debug\map.obj
c:\users\student\desktop\save\roguelikeworld\roguelikeworld\roguelikeworld\x64\debug\main.obj
c:\users\student\desktop\save\roguelikeworld\roguelikeworld\roguelikeworld\x64\debug\item.obj
c:\users\student\desktop\save\roguelikeworld\roguelikeworld\roguelikeworld\x64\debug\gameengine.obj
c:\users\student\desktop\save\roguelikeworld\roguelikeworld\roguelikeworld\x64\debug\entity.obj
c:\users\student\desktop\save\roguelikeworld\roguelikeworld\roguelikeworld\x64\debug\enemy.obj
c:\users\student\desktop\save\roguelikeworld\roguelikeworld\x64\debug\roguelikeworld.pdb
c:\users\student\desktop\save\roguelikeworld\roguelikeworld\roguelikeworld\x64\debug\roguelikeworld.tlog\cl.command.1.tlog
c:\users\student\desktop\save\roguelikeworld\roguelikeworld\roguelikeworld\x64\debug\roguelikeworld.tlog\cl.read.1.tlog
c:\users\student\desktop\save\roguelikeworld\roguelikeworld\roguelikeworld\x64\debug\roguelikeworld.tlog\cl.write.1.tlog
c:\users\student\desktop\save\roguelikeworld\roguelikeworld\roguelikeworld\x64\debug\roguelikeworld.tlog\link-cvtres.read.1.tlog
c:\users\student\desktop\save\roguelikeworld\roguelikeworld\roguelikeworld\x64\debug\roguelikeworld.tlog\link-cvtres.write.1.tlog
c:\users\student\desktop\save\roguelikeworld\roguelikeworld\roguelikeworld\x64\debug\roguelikeworld.tlog\link-rc.read.1.tlog
c:\users\student\desktop\save\roguelikeworld\roguelikeworld\roguelikeworld\x64\debug\roguelikeworld.tlog\link-rc.write.1.tlog
c:\users\student\desktop\save\roguelikeworld\roguelikeworld\roguelikeworld\x64\debug\roguelikeworld.tlog\link.1408-cvtres.read.1.tlog
c:\users\student\desktop\save\roguelikeworld\roguelikeworld\roguelikeworld\x64\debug\roguelikeworld.tlog\link.1408-cvtres.write.1.tlog
c:\users\student\desktop\save\roguelikeworld\roguelikeworld\roguelikeworld\x64\debug\roguelikeworld.tlog\link.1408-rc.read.1.tlog
c:\users\student\desktop\save\roguelikeworld\roguelikeworld\roguelikeworld\x64\debug\roguelikeworld.tlog\link.1408-rc.write.1.tlog
c:\users\student\desktop\save\roguelikeworld\roguelikeworld\roguelikeworld\x64\debug\roguelikeworld.tlog\link.1408.read.1.tlog
c:\users\student\desktop\save\roguelikeworld\roguelikeworld\roguelikeworld\x64\debug\roguelikeworld.tlog\link.1408.read.2.tlog
c:\users\student\desktop\save\roguelikeworld\roguelikeworld\roguelikeworld\x64\debug\roguelikeworld.tlog\link.1408.write.1.tlog
c:\users\student\desktop\save\roguelikeworld\roguelikeworld\roguelikeworld\x64\debug\roguelikeworld.tlog\link.command.1.tlog
c:\users\student\desktop\save\roguelikeworld\roguelikeworld\roguelikeworld\x64\debug\roguelikeworld.tlog\link.read.1.tlog
c:\users\student\desktop\save\roguelikeworld\roguelikeworld\roguelikeworld\x64\debug\roguelikeworld.tlog\link.read.2.tlog
c:\users\student\desktop\save\roguelikeworld\roguelikeworld\roguelikeworld\x64\debug\roguelikeworld.tlog\link.write.1.tlog
